[33mwarn [0m Unable to automatically connect to build server.
[34minfo [0m running 'sbt metalsEnable bloopInstall'
[31merror[0m error: error while loading String, class file '/modules/java.base/java/lang/String.class' is broken
(class java.lang.NullPointerException/null)
[34minfo [0m [info] Loading settings for project global-plugins from metals.sbt ...
[34minfo [0m [info] Loading global plugins from /Users/michael/.sbt/1.0/plugins
[34minfo [0m [info] Updating ProjectRef(uri("file:/Users/michael/.sbt/1.0/plugins/"), "global-plugins")...
[34minfo [0m [info] downloading https://repo1.maven.org/maven2/ch/epfl/scala/bloop-config_2.12/1.1.1/bloop-config_2.12-1.1.1.jar ...
[34minfo [0m [info] downloading https://repo1.maven.org/maven2/io/circe/circe-derivation_2.12/0.9.0-M3/circe-derivation_2.12-0.9.0-M3.jar ...
[info] downloading https://repo1.maven.org/maven2/io/circe/circe-parser_2.12/0.9.3/circe-parser_2.12-0.9.3.jar ...
[34minfo [0m [info] downloading https://repo1.maven.org/maven2/ch/epfl/scala/sbt-bloop_2.12_1.0/1.1.1/sbt-bloop-1.1.1.jar ...
[34minfo [0m [info] downloading https://repo1.maven.org/maven2/org/scalameta/sbt-metals_2.12_1.0/0.3.1/sbt-metals-0.3.1.jar ...
[info] downloading https://repo1.maven.org/maven2/io/circe/circe-jawn_2.12/0.9.3/circe-jawn_2.12-0.9.3.jar ...
[34minfo [0m [info] 	[SUCCESSFUL ] io.circe#circe-jawn_2.12;0.9.3!circe-jawn_2.12.jar (586ms)
[34minfo [0m [info] 	[SUCCESSFUL ] io.circe#circe-parser_2.12;0.9.3!circe-parser_2.12.jar (636ms)
[34minfo [0m [info] 	[SUCCESSFUL ] org.scalameta#sbt-metals;0.3.1!sbt-metals.jar (644ms)
[34minfo [0m [info] downloading https://repo1.maven.org/maven2/io/circe/circe-core_2.12/0.9.3/circe-core_2.12-0.9.3.jar ...
[34minfo [0m [info] downloading https://repo1.maven.org/maven2/io/circe/circe-numbers_2.12/0.9.3/circe-numbers_2.12-0.9.3.jar ...
[info] downloading https://repo1.maven.org/maven2/org/spire-math/jawn-parser_2.12/0.11.1/jawn-parser_2.12-0.11.1.jar ...
[34minfo [0m [info] 	[SUCCESSFUL ] ch.epfl.scala#bloop-config_2.12;1.1.1!bloop-config_2.12.jar (668ms)
[34minfo [0m [info] downloading https://repo1.maven.org/maven2/org/typelevel/cats-core_2.12/1.0.1/cats-core_2.12-1.0.1.jar ...
[34minfo [0m [info] 	[SUCCESSFUL ] io.circe#circe-derivation_2.12;0.9.0-M3!circe-derivation_2.12.jar (689ms)
[34minfo [0m [info] downloading https://repo1.maven.org/maven2/org/typelevel/cats-macros_2.12/1.0.1/cats-macros_2.12-1.0.1.jar ...
[34minfo [0m [info] 	[SUCCESSFUL ] ch.epfl.scala#sbt-bloop;1.1.1!sbt-bloop.jar (716ms)
[34minfo [0m [info] downloading https://repo1.maven.org/maven2/org/typelevel/cats-kernel_2.12/1.0.1/cats-kernel_2.12-1.0.1.jar ...
[34minfo [0m [info] 	[SUCCESSFUL ] io.circe#circe-numbers_2.12;0.9.3!circe-numbers_2.12.jar (527ms)
[info] downloading https://repo1.maven.org/maven2/org/typelevel/machinist_2.12/0.6.2/machinist_2.12-0.6.2.jar ...
[34minfo [0m [info] 	[SUCCESSFUL ] org.spire-math#jawn-parser_2.12;0.11.1!jawn-parser_2.12.jar (529ms)
[34minfo [0m [info] 	[SUCCESSFUL ] org.typelevel#cats-macros_2.12;1.0.1!cats-macros_2.12.jar (840ms)
[34minfo [0m [info] 	[SUCCESSFUL ] io.circe#circe-core_2.12;0.9.3!circe-core_2.12.jar (1044ms)
[34minfo [0m [info] 	[SUCCESSFUL ] org.typelevel#machinist_2.12;0.6.2!machinist_2.12.jar (839ms)
[34minfo [0m [info] 	[SUCCESSFUL ] org.typelevel#cats-kernel_2.12;1.0.1!cats-kernel_2.12.jar (1469ms)
[34minfo [0m [info] 	[SUCCESSFUL ] org.typelevel#cats-core_2.12;1.0.1!cats-core_2.12.jar (1554ms)
[34minfo [0m [info] Done updating.
[34minfo [0m [info] Loading project definition from /Users/michael/Documents/KDG/AdvancedProgramming2/Scala/project
[34minfo [0m [info] Updating ProjectRef(uri("file:/Users/michael/Documents/KDG/AdvancedProgramming2/Scala/project/"), "scala-build")...
[34minfo [0m [info] Done updating.
[34minfo [0m [success] Generated .bloop/scala-build.json
[34minfo [0m [success] Total time: 3 s, completed 17 May 2019, 21:28:51
[34minfo [0m [info] Updating ProjectRef(uri("file:/Users/michael/Documents/KDG/AdvancedProgramming2/Scala/project/"), "scala-build")...
[34minfo [0m [info] Done updating.
[31merror[0m error: error while loading String, class file '/modules/java.base/java/lang/String.class' is broken
(class java.lang.NullPointerException/null)
[34minfo [0m [info] Loading settings for project scala from build.sbt ...
[34minfo [0m [info] Set current project to Scala (in build file:/Users/michael/Documents/KDG/AdvancedProgramming2/Scala/)
[34minfo [0m [info] Set current project to Scala (in build file:/Users/michael/Documents/KDG/AdvancedProgramming2/Scala/)
[34minfo [0m [info] semanticdb-scalac is enabled
[34minfo [0m [info] Updating ...
[34minfo [0m [info] downloading https://repo1.maven.org/maven2/com/lihaoyi/fansi_2.12/0.2.5/fansi_2.12-0.2.5.jar ...
[34minfo [0m [info] downloading https://repo1.maven.org/maven2/com/lihaoyi/pprint_2.12/0.5.3/pprint_2.12-0.5.3.jar ...
[info] downloading https://repo1.maven.org/maven2/org/scalameta/semanticdb-scalac_2.12.8/4.1.0/semanticdb-scalac_2.12.8-4.1.0.jar ...
[info] downloading https://repo1.maven.org/maven2/com/lihaoyi/sourcecode_2.12/0.1.4/sourcecode_2.12-0.1.4.jar ...
[34minfo [0m [info] 	[SUCCESSFUL ] com.lihaoyi#pprint_2.12;0.5.3!pprint_2.12.jar (733ms)
[info] 	[SUCCESSFUL ] com.lihaoyi#sourcecode_2.12;0.1.4!sourcecode_2.12.jar(bundle) (733ms)
[34minfo [0m [info] 	[SUCCESSFUL ] com.lihaoyi#fansi_2.12;0.2.5!fansi_2.12.jar (733ms)
[34minfo [0m [info] 	[SUCCESSFUL ] org.scalameta#semanticdb-scalac_2.12.8;4.1.0!semanticdb-scalac_2.12.8.jar (2800ms)
[34minfo [0m [info] Done updating.
[34minfo [0m [info] downloading https://repo1.maven.org/maven2/com/lihaoyi/sourcecode_2.12/0.1.4/sourcecode_2.12-0.1.4-sources.jar ...
[34minfo [0m [info] downloading https://repo1.maven.org/maven2/org/scalameta/semanticdb-scalac_2.12.8/4.1.0/semanticdb-scalac_2.12.8-4.1.0-sources.jar ...
[info] downloading https://repo1.maven.org/maven2/com/lihaoyi/fansi_2.12/0.2.5/fansi_2.12-0.2.5-sources.jar ...
[info] downloading https://repo1.maven.org/maven2/com/lihaoyi/pprint_2.12/0.5.3/pprint_2.12-0.5.3-sources.jar ...
[34minfo [0m [info] 	[SUCCESSFUL ] com.lihaoyi#sourcecode_2.12;0.1.4!sourcecode_2.12.jar(src) (193ms)
[34minfo [0m [info] 	[SUCCESSFUL ] com.lihaoyi#fansi_2.12;0.2.5!fansi_2.12.jar(src) (210ms)
[34minfo [0m [info] 	[SUCCESSFUL ] org.scalameta#semanticdb-scalac_2.12.8;4.1.0!semanticdb-scalac_2.12.8.jar(src) (209ms)
[info] 	[SUCCESSFUL ] com.lihaoyi#pprint_2.12;0.5.3!pprint_2.12.jar(src) (207ms)
[34minfo [0m [success] Generated .bloop/scala.json
[34minfo [0m [success] Generated .bloop/scala-test.json
[34minfo [0m [success] Total time: 4 s, completed 17 May 2019, 21:28:59
[34minfo [0m sbt exit: 0
[34minfo [0m time: Ran 'sbt bloopInstall' in 55s
[34minfo [0m shutting down Metals
